# JRE version: Java(TM) SE Runtime Environment (8.0_112-b16) (build 1.8.0_112-b16)
# Java VM: Java HotSpot(TM) 64-Bit Server VM (25.112-b16 mixed mode bsd-amd64 compressed oops)
Heap:
 par new generation   total 78656K, used 66190K [0x0000000780000000, 0x0000000785550000, 0x0000000794cc0000)
  eden space 69952K,  94% used [0x0000000780000000, 0x00000007840518f0, 0x0000000784450000)
  from space 8704K,   3% used [0x0000000784450000, 0x00000007844a2128, 0x0000000784cd0000)
  to   space 8704K,   0% used [0x0000000784cd0000, 0x0000000784cd0000, 0x0000000785550000)
 concurrent mark-sweep generation total 174784K, used 32479K [0x0000000794cc0000, 0x000000079f770000, 0x00000007c0000000)
 Metaspace       used 39143K, capacity 39684K, committed 40008K, reserved 1083392K
  class space    used 5010K, capacity 5109K, committed 5192K, reserved 1048576K
GC Heap History (10 events):
Event: 3401.460 GC heap before
{Heap before GC invocations=7 (full 1):
 par new generation   total 78656K, used 78656K [0x0000000780000000, 0x0000000785550000, 0x0000000794cc0000)
  eden space 69952K, 100% used [0x0000000780000000, 0x0000000784450000, 0x0000000784450000)
  from space 8704K, 100% used [0x0000000784cd0000, 0x0000000785550000, 0x0000000785550000)
  to   space 8704K,   0% used [0x0000000784450000, 0x0000000784450000, 0x0000000784cd0000)
 concurrent mark-sweep generation total 174784K, used 25842K [0x0000000794cc0000, 0x000000079f770000, 0x00000007c0000000)
 Metaspace       used 39007K, capacity 39492K, committed 39752K, reserved 1083392K
  class space    used 5010K, capacity 5109K, committed 5192K, reserved 1048576K
Event: 3401.486 GC heap after
Heap after GC invocations=8 (full 1):
 par new generation   total 78656K, used 4115K [0x0000000780000000, 0x0000000785550000, 0x0000000794cc0000)
  eden space 69952K,   0% used [0x0000000780000000, 0x0000000780000000, 0x0000000784450000)
  from space 8704K,  47% used [0x0000000784450000, 0x0000000784854d48, 0x0000000784cd0000)
  to   space 8704K,   0% used [0x0000000784cd0000, 0x0000000784cd0000, 0x0000000785550000)
 concurrent mark-sweep generation total 174784K, used 32479K [0x0000000794cc0000, 0x000000079f770000, 0x00000007c0000000)
 Metaspace       used 39007K, capacity 39492K, committed 39752K, reserved 1083392K
  class space    used 5010K, capacity 5109K, committed 5192K, reserved 1048576K
}
Event: 5623.199 GC heap before
{Heap before GC invocations=8 (full 1):
 par new generation   total 78656K, used 74067K [0x0000000780000000, 0x0000000785550000, 0x0000000794cc0000)
  eden space 69952K, 100% used [0x0000000780000000, 0x0000000784450000, 0x0000000784450000)
  from space 8704K,  47% used [0x0000000784450000, 0x0000000784854d48, 0x0000000784cd0000)
  to   space 8704K,   0% used [0x0000000784cd0000, 0x0000000784cd0000, 0x0000000785550000)
 concurrent mark-sweep generation total 174784K, used 32479K [0x0000000794cc0000, 0x000000079f770000, 0x00000007c0000000)
 Metaspace       used 39040K, capacity 39492K, committed 39752K, reserved 1083392K
  class space    used 5010K, capacity 5109K, committed 5192K, reserved 1048576K
Event: 5623.209 GC heap after
Heap after GC invocations=9 (full 1):
 par new generation   total 78656K, used 1048K [0x0000000780000000, 0x0000000785550000, 0x0000000794cc0000)
  eden space 69952K,   0% used [0x0000000780000000, 0x0000000780000000, 0x0000000784450000)
  from space 8704K,  12% used [0x0000000784cd0000, 0x0000000784dd63f8, 0x0000000785550000)
  to   space 8704K,   0% used [0x0000000784450000, 0x0000000784450000, 0x0000000784cd0000)
 concurrent mark-sweep generation total 174784K, used 32479K [0x0000000794cc0000, 0x000000079f770000, 0x00000007c0000000)
 Metaspace       used 39040K, capacity 39492K, committed 39752K, reserved 1083392K
  class space    used 5010K, capacity 5109K, committed 5192K, reserved 1048576K
}
Event: 7820.552 GC heap before
{Heap before GC invocations=9 (full 1):
 par new generation   total 78656K, used 71000K [0x0000000780000000, 0x0000000785550000, 0x0000000794cc0000)
  eden space 69952K, 100% used [0x0000000780000000, 0x0000000784450000, 0x0000000784450000)
  from space 8704K,  12% used [0x0000000784cd0000, 0x0000000784dd63f8, 0x0000000785550000)
  to   space 8704K,   0% used [0x0000000784450000, 0x0000000784450000, 0x0000000784cd0000)
 concurrent mark-sweep generation total 174784K, used 32479K [0x0000000794cc0000, 0x000000079f770000, 0x00000007c0000000)
 Metaspace       used 39106K, capacity 39556K, committed 40008K, reserved 1083392K
  class space    used 5010K, capacity 5109K, committed 5192K, reserved 1048576K
Event: 7820.565 GC heap after
Heap after GC invocations=10 (full 1):
 par new generation   total 78656K, used 384K [0x0000000780000000, 0x0000000785550000, 0x0000000794cc0000)
  eden space 69952K,   0% used [0x0000000780000000, 0x0000000780000000, 0x0000000784450000)
  from space 8704K,   4% used [0x0000000784450000, 0x00000007844b0080, 0x0000000784cd0000)
  to   space 8704K,   0% used [0x0000000784cd0000, 0x0000000784cd0000, 0x0000000785550000)
 concurrent mark-sweep generation total 174784K, used 32479K [0x0000000794cc0000, 0x000000079f770000, 0x00000007c0000000)
 Metaspace       used 39106K, capacity 39556K, committed 40008K, reserved 1083392K
  class space    used 5010K, capacity 5109K, committed 5192K, reserved 1048576K
}
Event: 10036.680 GC heap before
{Heap before GC invocations=10 (full 1):
 par new generation   total 78656K, used 70336K [0x0000000780000000, 0x0000000785550000, 0x0000000794cc0000)
  eden space 69952K, 100% used [0x0000000780000000, 0x0000000784450000, 0x0000000784450000)
  from space 8704K,   4% used [0x0000000784450000, 0x00000007844b0080, 0x0000000784cd0000)
  to   space 8704K,   0% used [0x0000000784cd0000, 0x0000000784cd0000, 0x0000000785550000)
 concurrent mark-sweep generation total 174784K, used 32479K [0x0000000794cc0000, 0x000000079f770000, 0x00000007c0000000)
 Metaspace       used 39107K, capacity 39556K, committed 40008K, reserved 1083392K
  class space    used 5010K, capacity 5109K, committed 5192K, reserved 1048576K
Event: 10036.693 GC heap after
Heap after GC invocations=11 (full 1):
 par new generation   total 78656K, used 289K [0x0000000780000000, 0x0000000785550000, 0x0000000794cc0000)
  eden space 69952K,   0% used [0x0000000780000000, 0x0000000780000000, 0x0000000784450000)
  from space 8704K,   3% used [0x0000000784cd0000, 0x0000000784d18648, 0x0000000785550000)
  to   space 8704K,   0% used [0x0000000784450000, 0x0000000784450000, 0x0000000784cd0000)
 concurrent mark-sweep generation total 174784K, used 32479K [0x0000000794cc0000, 0x000000079f770000, 0x00000007c0000000)
 Metaspace       used 39107K, capacity 39556K, committed 40008K, reserved 1083392K
  class space    used 5010K, capacity 5109K, committed 5192K, reserved 1048576K
}
Event: 12258.381 GC heap before
{Heap before GC invocations=11 (full 1):
 par new generation   total 78656K, used 70241K [0x0000000780000000, 0x0000000785550000, 0x0000000794cc0000)
  eden space 69952K, 100% used [0x0000000780000000, 0x0000000784450000, 0x0000000784450000)
  from space 8704K,   3% used [0x0000000784cd0000, 0x0000000784d18648, 0x0000000785550000)
  to   space 8704K,   0% used [0x0000000784450000, 0x0000000784450000, 0x0000000784cd0000)
 concurrent mark-sweep generation total 174784K, used 32479K [0x0000000794cc0000, 0x000000079f770000, 0x00000007c0000000)
 Metaspace       used 39142K, capacity 39684K, committed 40008K, reserved 1083392K
  class space    used 5010K, capacity 5109K, committed 5192K, reserved 1048576K
Event: 12258.394 GC heap after
Heap after GC invocations=12 (full 1):
 par new generation   total 78656K, used 328K [0x0000000780000000, 0x0000000785550000, 0x0000000794cc0000)
  eden space 69952K,   0% used [0x0000000780000000, 0x0000000780000000, 0x0000000784450000)
  from space 8704K,   3% used [0x0000000784450000, 0x00000007844a2128, 0x0000000784cd0000)
  to   space 8704K,   0% used [0x0000000784cd0000, 0x0000000784cd0000, 0x0000000785550000)
 concurrent mark-sweep generation total 174784K, used 32479K [0x0000000794cc0000, 0x000000079f770000, 0x00000007c0000000)
 Metaspace       used 39142K, capacity 39684K, committed 40008K, reserved 1083392K
  class space    used 5010K, capacity 5109K, committed 5192K, reserved 1048576K
}

